<?xml version="1.0" encoding="UTF-8"?>
<!-- Generated by org.testng.reporters.JUnitXMLReporter -->
<testsuite ignored="0" hostname="DESKTOP-2EB7RG6" failures="0" tests="5" name="Test" time="66.73" errors="0" timestamp="2023-04-23T00:12:23 IST">
  <testcase classname="com.mystore.testcases.TC_MyAccountPagetest" name="VerifyLogin" time="3.9"/>
  <testcase classname="com.mystore.testcases.TC_MyAccountPagetest" name="VerifySignOut" time="3.369"/>
  <testcase classname="com.mystore.testcases.TC_MyAccountPagetest" name="verifyRegistrationAndLogin" time="9.087"/>
  <testcase classname="com.mystore.testcases.TC_ProductPageTest" name="VerifyBuyProduct" time="29.382"/>
  <testcase classname="com.mystore.testcases.TC_ProductPageTest" name="VerifySearchProduct" time="3.791"/>
</testsuite> <!-- Test -->
