<?xml version="1.0" encoding="UTF-8"?>
<testng-results ignored="2" total="3" passed="1" failed="0" skipped="0">
  <reporter-output>
  </reporter-output>
  <suite started-at="2023-04-23T23:04:10 IST" name="Default suite" finished-at="2023-04-23T23:04:21 IST" duration-ms="11111">
    <groups>
    </groups>
    <test started-at="2023-04-23T23:04:10 IST" name="Default test" finished-at="2023-04-23T23:04:21 IST" duration-ms="11111">
      <class name="com.mystore.testcases.TC_ProductPageTest">
        <test-method is-config="true" signature="setup()[pri:0, instance:com.mystore.testcases.TC_ProductPageTest@33d512c1]" started-at="2023-04-23T23:04:10 IST" name="setup" finished-at="2023-04-23T23:04:19 IST" duration-ms="8244" status="PASS">
          <reporter-output>
          </reporter-output>
        </test-method> <!-- setup -->
        <test-method signature="verifyAddToWishlistWithoutLogin()[pri:0, instance:com.mystore.testcases.TC_ProductPageTest@33d512c1]" started-at="2023-04-23T23:04:19 IST" name="verifyAddToWishlistWithoutLogin" finished-at="2023-04-23T23:04:21 IST" duration-ms="1904" status="PASS">
          <reporter-output>
          </reporter-output>
        </test-method> <!-- verifyAddToWishlistWithoutLogin -->
        <test-method is-config="true" signature="tearDown()[pri:0, instance:com.mystore.testcases.TC_ProductPageTest@33d512c1]" started-at="2023-04-23T23:04:21 IST" name="tearDown" finished-at="2023-04-23T23:04:21 IST" duration-ms="882" status="PASS">
          <reporter-output>
          </reporter-output>
        </test-method> <!-- tearDown -->
      </class> <!-- com.mystore.testcases.TC_ProductPageTest -->
    </test> <!-- Default test -->
  </suite> <!-- Default suite -->
</testng-results>
