<?xml version="1.0" encoding="UTF-8"?>
<!-- Generated by org.testng.reporters.JUnitReportReporter -->
<testsuite hostname="DESKTOP-2EB7RG6" failures="0" tests="3" name="com.mystore.testcases.TC_ProductPageTest" time="1.834" errors="0" timestamp="2023-04-25T00:37:35 IST" skipped="2">
  <testcase classname="com.mystore.testcases.TC_ProductPageTest" name="verifyAddToWishlistWithoutLogin" time="1.834"/>
  <system-out/>
  <testcase classname="com.mystore.testcases.TC_ProductPageTest" name="VerifyBuyProduct">
    <skipped/>
  </testcase> <!-- VerifyBuyProduct -->
  <system-out/>
  <testcase classname="com.mystore.testcases.TC_ProductPageTest" name="VerifySearchProduct">
    <skipped/>
  </testcase> <!-- VerifySearchProduct -->
  <system-out/>
</testsuite> <!-- com.mystore.testcases.TC_ProductPageTest -->
